{
  "Cucumber Features": {
    "coverage": {
      "/home/codio/workspace/faculty-voting/app/models/user.rb": {
        "lines": [
          1,
          1,
          1,
          1,
          null,
          null,
          1,
          null,
          null,
          1,
          1,
          null,
          null
        ]
      },
      "/home/codio/workspace/faculty-voting/app/models/application_record.rb": {
        "lines": [
          1,
          1,
          null,
          1,
          null,
          1,
          0,
          0,
          null,
          null,
          null,
          1,
          0,
          null,
          null
        ]
      },
      "/home/codio/workspace/faculty-voting/app/controllers/application_controller.rb": {
        "lines": [
          1,
          null,
          null,
          null
        ]
      },
      "/home/codio/workspace/faculty-voting/app/helpers/application_helper.rb": {
        "lines": [
          1,
          null
        ]
      },
      "/home/codio/workspace/faculty-voting/app/helpers/home_helper.rb": {
        "lines": [
          1,
          null
        ]
      },
      "/home/codio/workspace/faculty-voting/app/helpers/prog_users_helper.rb": {
        "lines": [
          1,
          null
        ]
      },
      "/home/codio/workspace/faculty-voting/app/helpers/proposals_helper.rb": {
        "lines": [
          1,
          null
        ]
      },
      "/home/codio/workspace/faculty-voting/app/helpers/roles_helper.rb": {
        "lines": [
          1,
          null
        ]
      },
      "/home/codio/workspace/faculty-voting/app/helpers/welcome_helper.rb": {
        "lines": [
          1,
          null
        ]
      },
      "/home/codio/workspace/faculty-voting/app/controllers/welcome_controller.rb": {
        "lines": [
          1,
          1,
          12,
          12,
          null,
          null,
          null,
          null,
          null
        ]
      },
      "/home/codio/workspace/faculty-voting/app/controllers/home_controller.rb": {
        "lines": [
          1,
          null,
          1,
          null,
          null,
          null,
          null
        ]
      },
      "/home/codio/workspace/faculty-voting/app/controllers/roles_controller.rb": {
        "lines": [
          1,
          1,
          null,
          null,
          null,
          1,
          12,
          null,
          null,
          null,
          null,
          1,
          null,
          null,
          null,
          1,
          6,
          null,
          null,
          null,
          1,
          null,
          null,
          null,
          null,
          1,
          6,
          null,
          6,
          6,
          12,
          6,
          null,
          0,
          0,
          null,
          null,
          null,
          null,
          null,
          null,
          1,
          1,
          1,
          2,
          1,
          null,
          0,
          0,
          null,
          null,
          null,
          null,
          null,
          null,
          1,
          1,
          1,
          2,
          1,
          null,
          null,
          null,
          1,
          null,
          1,
          11,
          null,
          null,
          null,
          1,
          7,
          null,
          null
        ]
      },
      "/home/codio/workspace/faculty-voting/app/models/role.rb": {
        "lines": [
          null,
          null,
          null,
          1,
          1,
          1,
          null,
          1,
          null,
          0,
          null,
          null
        ]
      },
      "/home/codio/workspace/faculty-voting/app/controllers/prog_users_controller.rb": {
        "lines": [
          1,
          1,
          null,
          null,
          null,
          1,
          3,
          null,
          null,
          null,
          null,
          1,
          null,
          null,
          null,
          1,
          2,
          2,
          2,
          null,
          null,
          null,
          1,
          0,
          0,
          null,
          null,
          null,
          null,
          1,
          1,
          1,
          1,
          null,
          1,
          1,
          0,
          0,
          null,
          2,
          1,
          null,
          null,
          null,
          null,
          null,
          null,
          1,
          0,
          0,
          0,
          0,
          null,
          0,
          0,
          null,
          null,
          null,
          null,
          null,
          null,
          1,
          0,
          0,
          0,
          0,
          null,
          null,
          null,
          1,
          null,
          1,
          0,
          null,
          null,
          null,
          1,
          1,
          null,
          null
        ]
      },
      "/home/codio/workspace/faculty-voting/app/models/prog_user.rb": {
        "lines": [
          null,
          null,
          1,
          1,
          1,
          null
        ]
      },
      "/home/codio/workspace/faculty-voting/app/controllers/proposals_controller.rb": {
        "lines": [
          1,
          null,
          1,
          null,
          1,
          0,
          null,
          0,
          null,
          null,
          0,
          null,
          null,
          1,
          null,
          0,
          0,
          null,
          0,
          null,
          null,
          0,
          null,
          null,
          1,
          1,
          0,
          null,
          null,
          1,
          0,
          0,
          null,
          null,
          1,
          1,
          null,
          null,
          1,
          0,
          null,
          null,
          1,
          0,
          0,
          0,
          null,
          null,
          1,
          0,
          0,
          0,
          null,
          null,
          1,
          0,
          0,
          0,
          null,
          0,
          0,
          null,
          0,
          null,
          null,
          null,
          1,
          0,
          null,
          0,
          0,
          null,
          null,
          1,
          0,
          null,
          0,
          0,
          null,
          0,
          null,
          null,
          null,
          1,
          0,
          0,
          0,
          null,
          0,
          null,
          null,
          1,
          1,
          0,
          null,
          null
        ]
      },
      "/home/codio/workspace/faculty-voting/app/models/proposal.rb": {
        "lines": [
          1,
          1,
          1,
          1,
          1,
          null,
          1,
          null,
          null
        ]
      },
      "/home/codio/workspace/faculty-voting/app/channels/application_cable/channel.rb": {
        "lines": [
          0,
          0,
          0,
          0
        ],
        "branches": {
        }
      },
      "/home/codio/workspace/faculty-voting/app/channels/application_cable/connection.rb": {
        "lines": [
          0,
          0,
          0,
          0
        ],
        "branches": {
        }
      },
      "/home/codio/workspace/faculty-voting/app/jobs/application_job.rb": {
        "lines": [
          0,
          null,
          null,
          null,
          null,
          null,
          0
        ],
        "branches": {
        }
      },
      "/home/codio/workspace/faculty-voting/app/mailers/application_mailer.rb": {
        "lines": [
          0,
          0,
          0,
          0
        ],
        "branches": {
        }
      },
      "/home/codio/workspace/faculty-voting/app/models/ability.rb": {
        "lines": [
          0,
          0,
          null,
          0,
          null,
          null,
          0,
          null,
          0,
          null,
          0,
          null,
          0,
          0,
          0,
          null,
          0,
          0,
          0,
          null,
          null,
          null,
          0,
          null,
          null,
          null,
          null,
          null,
          null,
          null,
          null,
          null,
          null,
          null,
          null,
          null,
          null,
          null,
          null,
          null,
          null,
          null,
          null,
          null,
          null,
          null,
          null,
          null,
          null,
          null,
          null,
          0,
          0
        ],
        "branches": {
        }
      }
    },
    "timestamp": 1607009163
  },
  "RSpec": {
    "coverage": {
      "/home/codio/workspace/faculty-voting/app/models/user.rb": {
        "lines": [
          1,
          1,
          1,
          1,
          null,
          null,
          1,
          null,
          null,
          1,
          0,
          null,
          null
        ]
      },
      "/home/codio/workspace/faculty-voting/app/models/application_record.rb": {
        "lines": [
          1,
          1,
          null,
          1,
          null,
          1,
          0,
          0,
          null,
          null,
          null,
          1,
          0,
          null,
          null
        ]
      },
      "/home/codio/workspace/faculty-voting/app/helpers/application_helper.rb": {
        "lines": [
          1,
          null
        ]
      },
      "/home/codio/workspace/faculty-voting/app/helpers/home_helper.rb": {
        "lines": [
          1,
          null
        ]
      },
      "/home/codio/workspace/faculty-voting/app/helpers/prog_users_helper.rb": {
        "lines": [
          1,
          null
        ]
      },
      "/home/codio/workspace/faculty-voting/app/helpers/proposals_helper.rb": {
        "lines": [
          1,
          null
        ]
      },
      "/home/codio/workspace/faculty-voting/app/helpers/roles_helper.rb": {
        "lines": [
          1,
          null
        ]
      },
      "/home/codio/workspace/faculty-voting/app/helpers/welcome_helper.rb": {
        "lines": [
          1,
          null
        ]
      },
      "/home/codio/workspace/faculty-voting/app/controllers/home_controller.rb": {
        "lines": [
          1,
          null,
          1,
          null,
          null,
          null,
          null
        ]
      },
      "/home/codio/workspace/faculty-voting/app/controllers/application_controller.rb": {
        "lines": [
          1,
          null,
          null,
          null
        ]
      },
      "/home/codio/workspace/faculty-voting/app/models/prog_user.rb": {
        "lines": [
          null,
          null,
          1,
          1,
          1,
          null
        ]
      },
      "/home/codio/workspace/faculty-voting/app/models/proposal.rb": {
        "lines": [
          1,
          1,
          1,
          1,
          1,
          null,
          1,
          null,
          null
        ]
      },
      "/home/codio/workspace/faculty-voting/app/models/role.rb": {
        "lines": [
          null,
          null,
          null,
          1,
          1,
          1,
          null,
          1,
          null,
          0,
          null,
          null
        ]
      },
      "/home/codio/workspace/faculty-voting/app/controllers/prog_users_controller.rb": {
        "lines": [
          0,
          0,
          null,
          null,
          null,
          0,
          0,
          0,
          null,
          null,
          null,
          0,
          0,
          null,
          null,
          0,
          0,
          0,
          0,
          0,
          null,
          null,
          0,
          0,
          0,
          0,
          null,
          null,
          null,
          0,
          0,
          0,
          0,
          null,
          0,
          0,
          0,
          0,
          0,
          0,
          0,
          0,
          0,
          0,
          null,
          null,
          null,
          0,
          0,
          0,
          0,
          0,
          0,
          0,
          0,
          0,
          0,
          0,
          null,
          null,
          null,
          0,
          0,
          0,
          0,
          0,
          0,
          0,
          null,
          0,
          null,
          0,
          0,
          0,
          null,
          null,
          0,
          0,
          0,
          0
        ],
        "branches": {
        }
      },
      "/home/codio/workspace/faculty-voting/app/controllers/proposals_controller.rb": {
        "lines": [
          0,
          null,
          0,
          null,
          0,
          0,
          0,
          0,
          0,
          null,
          0,
          0,
          null,
          0,
          null,
          0,
          0,
          0,
          0,
          0,
          null,
          0,
          0,
          null,
          0,
          0,
          0,
          0,
          null,
          0,
          0,
          0,
          0,
          null,
          0,
          0,
          0,
          null,
          0,
          0,
          0,
          null,
          0,
          0,
          0,
          0,
          0,
          null,
          0,
          0,
          0,
          0,
          0,
          null,
          0,
          0,
          0,
          0,
          null,
          0,
          0,
          0,
          0,
          0,
          0,
          null,
          0,
          0,
          null,
          0,
          0,
          0,
          null,
          0,
          0,
          null,
          0,
          0,
          0,
          0,
          0,
          0,
          null,
          0,
          0,
          0,
          0,
          null,
          0,
          0,
          null,
          0,
          0,
          0,
          0,
          0
        ],
        "branches": {
        }
      },
      "/home/codio/workspace/faculty-voting/app/controllers/roles_controller.rb": {
        "lines": [
          0,
          0,
          null,
          null,
          null,
          0,
          0,
          0,
          null,
          null,
          null,
          0,
          0,
          null,
          null,
          0,
          0,
          0,
          null,
          null,
          0,
          0,
          null,
          null,
          null,
          0,
          0,
          null,
          0,
          0,
          0,
          0,
          0,
          0,
          0,
          0,
          0,
          0,
          null,
          null,
          null,
          0,
          0,
          0,
          0,
          0,
          0,
          0,
          0,
          0,
          0,
          0,
          null,
          null,
          null,
          0,
          0,
          0,
          0,
          0,
          0,
          0,
          null,
          0,
          null,
          0,
          0,
          0,
          null,
          null,
          0,
          0,
          0,
          0
        ],
        "branches": {
        }
      },
      "/home/codio/workspace/faculty-voting/app/controllers/welcome_controller.rb": {
        "lines": [
          0,
          0,
          0,
          0,
          0,
          0,
          0,
          null,
          null
        ],
        "branches": {
        }
      },
      "/home/codio/workspace/faculty-voting/app/models/ability.rb": {
        "lines": [
          0,
          0,
          null,
          0,
          null,
          null,
          0,
          null,
          0,
          null,
          0,
          null,
          0,
          0,
          0,
          null,
          0,
          0,
          0,
          null,
          null,
          null,
          0,
          null,
          null,
          null,
          null,
          null,
          null,
          null,
          null,
          null,
          null,
          null,
          null,
          null,
          null,
          null,
          null,
          null,
          null,
          null,
          null,
          null,
          null,
          null,
          null,
          null,
          null,
          null,
          null,
          0,
          0
        ],
        "branches": {
        }
      }
    },
    "timestamp": 1607032250
  }
}
